<?xml version="1.0" encoding="UTF-8"?>
<!-- Generated by org.testng.reporters.JUnitReportReporter -->
<testsuite hostname="DESKTOP-ARU3PNK" failures="0" tests="1" name="tests.Test8" time="4.959" errors="0" timestamp="2025-05-18T15:44:12 IST" skipped="0">
  <testcase classname="tests.Test8" name="test8" time="4.959"/>
</testsuite> <!-- tests.Test8 -->
