<?xml version="1.0" encoding="UTF-8"?>
<!-- Generated by org.testng.reporters.JUnitReportReporter -->
<testsuite hostname="DESKTOP-ARU3PNK" failures="0" tests="1" name="tests.Test10" time="17.002" errors="0" timestamp="2025-05-24T14:52:41 IST" skipped="0">
  <testcase classname="tests.Test10" name="test10" time="17.002"/>
</testsuite> <!-- tests.Test10 -->
