<?xml version="1.0" encoding="UTF-8"?>
<!-- Generated by org.testng.reporters.JUnitReportReporter -->
<testsuite hostname="DESKTOP-ARU3PNK" failures="0" tests="2" name="Base.TestNGAnotations" time="0.019" errors="0" timestamp="2025-05-03T15:41:45 IST" skipped="0">
  <testcase classname="Base.TestNGAnotations" name="test1" time="0.002"/>
  <testcase classname="Base.TestNGAnotations" name="test3" time="0.017"/>
</testsuite> <!-- Base.TestNGAnotations -->
