<?xml version="1.0" encoding="UTF-8"?>
<!-- Generated by org.testng.reporters.JUnitReportReporter -->
<testsuite hostname="DESKTOP-ARU3PNK" failures="0" tests="1" name="tests.Test11" time="41.095" errors="0" timestamp="2025-05-24T15:25:41 IST" skipped="0">
  <testcase classname="tests.Test11" name="test11" time="41.095"/>
</testsuite> <!-- tests.Test11 -->
