<?xml version="1.0" encoding="UTF-8"?>
<!-- Generated by org.testng.reporters.JUnitReportReporter -->
<testsuite hostname="DESKTOP-ARU3PNK" failures="0" tests="1" name="tests.Test7" time="39.939" errors="0" timestamp="2025-05-18T15:07:04 IST" skipped="0">
  <testcase classname="tests.Test7" name="test7" time="39.939"/>
</testsuite> <!-- tests.Test7 -->
