<?xml version="1.0" encoding="UTF-8"?>
<!-- Generated by org.testng.reporters.JUnitReportReporter -->
<testsuite hostname="DESKTOP-ARU3PNK" failures="0" tests="1" name="tests.Test1_2_3" time="1.550" errors="0" timestamp="2025-05-04T13:59:23 IST" skipped="0">
  <testcase classname="tests.Test1_2_3" name="test3" time="1.550"/>
</testsuite> <!-- tests.Test1_2_3 -->
