<?xml version="1.0" encoding="UTF-8"?>
<!-- Generated by org.testng.reporters.JUnitReportReporter -->
<testsuite hostname="DESKTOP-ARU3PNK" failures="0" tests="1" name="tests.Test1" time="0.037" errors="0" timestamp="2025-05-04T13:18:53 IST" skipped="0">
  <testcase classname="tests.Test1" name="test2" time="0.037"/>
</testsuite> <!-- tests.Test1 -->
