<?xml version="1.0" encoding="UTF-8"?>
<!-- Generated by org.testng.reporters.JUnitReportReporter -->
<testsuite hostname="DESKTOP-ARU3PNK" failures="0" tests="1" name="tests.Test5" time="0.001" errors="0" timestamp="2025-06-01T15:10:09 IST" skipped="1">
  <testcase classname="tests.Test5" name="test5" time="0.001">
    <skipped/>
  </testcase> <!-- test5 -->
</testsuite> <!-- tests.Test5 -->
