<?xml version="1.0" encoding="UTF-8"?>
<!-- Generated by org.testng.reporters.JUnitReportReporter -->
<testsuite hostname="DESKTOP-ARU3PNK" failures="0" tests="1" name="tests.Test12" time="10.550" errors="0" timestamp="2025-05-31T15:04:34 IST" skipped="0">
  <testcase classname="tests.Test12" name="test12" time="10.550"/>
</testsuite> <!-- tests.Test12 -->
