<?xml version="1.0" encoding="UTF-8"?>
<!-- Generated by org.testng.reporters.JUnitReportReporter -->
<testsuite hostname="DESKTOP-ARU3PNK" failures="0" tests="1" name="tests.Test4" time="32.318" errors="0" timestamp="2025-06-01T15:24:42 IST" skipped="0">
  <testcase classname="tests.Test4" name="test4" time="32.318"/>
  <system-out/>
</testsuite> <!-- tests.Test4 -->
